<?xml version="1.0" encoding="UTF-8"?>
<!-- Generated by org.testng.reporters.JUnitReportReporter -->
<testsuite hostname="Tanus-MacBook-Pro.local" name="com.hellofresh.challenge.WebTest" tests="3" failures="0" timestamp="18 May 2018 13:34:39 GMT" time="29.621" errors="0">
  <testcase name="logInTest" time="3.463" classname="com.hellofresh.challenge.WebTest"/>
  <testcase name="signInTest" time="9.369" classname="com.hellofresh.challenge.WebTest"/>
  <testcase name="checkoutTest" time="16.789" classname="com.hellofresh.challenge.WebTest"/>
</testsuite> <!-- com.hellofresh.challenge.WebTest -->
